[debug] [2025-08-14T14:45:24.960Z] ----------------------------------------------------------------------
[debug] [2025-08-14T14:45:24.965Z] Command:       C:\Program Files\nodejs\node.exe C:\Users\amolj\AppData\Roaming\npm\node_modules\firebase-tools\lib\bin\firebase.js init
[debug] [2025-08-14T14:45:24.966Z] CLI Version:   14.12.0
[debug] [2025-08-14T14:45:24.966Z] Platform:      win32
[debug] [2025-08-14T14:45:24.966Z] Node Version:  v22.18.0
[debug] [2025-08-14T14:45:24.967Z] Time:          Thu Aug 14 2025 20:15:24 GMT+0530 (India Standard Time)
[debug] [2025-08-14T14:45:24.967Z] ----------------------------------------------------------------------
[debug] 
[debug] [2025-08-14T14:45:24.977Z] > command requires scopes: ["email","openid","https://www.googleapis.com/auth/cloudplatformprojects.readonly","https://www.googleapis.com/auth/firebase","https://www.googleapis.com/auth/cloud-platform"]
[debug] [2025-08-14T14:45:24.978Z] > authorizing via signed-in user (amoljadhav08276@gmail.com)
[info] 
     ######## #### ########  ######## ########     ###     ######  ########
     ##        ##  ##     ## ##       ##     ##  ##   ##  ##       ##
     ######    ##  ########  ######   ########  #########  ######  ######
     ##        ##  ##    ##  ##       ##     ## ##     ##       ## ##
     ##       #### ##     ## ######## ########  ##     ##  ######  ########

You're about to initialize a Firebase project in this directory:

  C:\Users\amolj\Downloads\my_portfolio

[info] 
=== Project Setup
[info] 
[info] First, let's associate this project directory with a Firebase project.
[info] You can create multiple project aliases by running firebase use --add, 
[info] but for now we'll just set up a default project.
[info] 
[debug] [2025-08-14T14:45:41.720Z] Checked if tokens are valid: true, expires at: 1755186066370
[debug] [2025-08-14T14:45:41.721Z] Checked if tokens are valid: true, expires at: 1755186066370
[debug] [2025-08-14T14:45:41.723Z] >>> [apiv2][query] GET https://firebase.googleapis.com/v1beta1/projects pageSize=100
[debug] [2025-08-14T14:45:42.633Z] <<< [apiv2][status] GET https://firebase.googleapis.com/v1beta1/projects 200
[debug] [2025-08-14T14:45:42.633Z] <<< [apiv2][body] GET https://firebase.googleapis.com/v1beta1/projects [omitted]
[info] i  Using project amoljadhav-iisc (amoljadhav) 
[info] 
=== Hosting Setup
[debug] [2025-08-14T14:45:47.335Z] Checked if tokens are valid: true, expires at: 1755186066370
[debug] [2025-08-14T14:45:47.335Z] Checked if tokens are valid: true, expires at: 1755186066370
[debug] [2025-08-14T14:45:47.335Z] >>> [apiv2][query] GET https://firebase.googleapis.com/v1beta1/projects/amoljadhav-iisc [none]
[debug] [2025-08-14T14:45:47.848Z] <<< [apiv2][status] GET https://firebase.googleapis.com/v1beta1/projects/amoljadhav-iisc 200
[debug] [2025-08-14T14:45:47.849Z] <<< [apiv2][body] GET https://firebase.googleapis.com/v1beta1/projects/amoljadhav-iisc {"projectId":"amoljadhav-iisc","projectNumber":"862590830571","displayName":"amoljadhav","name":"projects/amoljadhav-iisc","resources":{"hostingSite":"amoljadhav-iisc"},"state":"ACTIVE","etag":"1_d12b82da-b20b-461b-a090-1e9d8dd8f4c7"}
[info] 
[info] Your public directory is the folder (relative to your project directory) that
[info] will contain Hosting assets to be uploaded with firebase deploy. If you
[info] have a build process for your assets, use your build's output directory.
[info] 
[debug] [2025-08-14T14:50:50.760Z] ExitPromptError: User force closed the prompt with SIGINT
    at Interface.sigint (C:\Users\amolj\AppData\Roaming\npm\node_modules\firebase-tools\node_modules\@inquirer\core\dist\commonjs\lib\create-prompt.js:101:37)
    at Interface.emit (node:events:518:28)
    at Interface.emit (node:domain:489:12)
    at [_ttyWrite] [as _ttyWrite] (node:internal/readline/interface:1132:18)
    at ReadStream.onkeypress (node:internal/readline/interface:271:20)
    at ReadStream.emit (node:events:530:35)
    at ReadStream.emit (node:domain:489:12)
    at emitKeys (node:internal/readline/utils:370:14)
    at emitKeys.next (<anonymous>)
    at ReadStream.onData (node:internal/readline/emitKeypressEvents:64:36)
[error] 
[error] Error: An unexpected error has occurred.
